<?xml version="1.0" encoding="UTF-8"?>
<testsuite xmlns:xsi="http://www.w3.org/2001/XMLSchema-instance" xsi:noNamespaceSchemaLocation="https://maven.apache.org/surefire/maven-failsafe-plugin/xsd/failsafe-test-report.xsd" name="it.io.openliberty.sample.health.HealthIT" time="2.426" tests="2" errors="0" skipped="0" failures="0">
  <properties>
[...]
</properties>
  <testcase name="testIfServicesAreUp" classname="it.io.openliberty.sample.health.HealthIT" time="1.145"/>
  <testcase name="testIfServicesAreDown" classname="it.io.openliberty.sample.health.HealthIT" time="1.274"/>
</testsuite>